<?xml version="1.0" encoding="UTF-8"?>
<!-- Generated by org.testng.reporters.JUnitXMLReporter -->
<testsuite hostname="harish-homepc" name="Default test" tests="2" failures="0" timestamp="8 Mar 2014 07:44:34 GMT" time="152.047" errors="0">
  <testcase name="verifyAddItem" time="86.531" classname="NikhilSelenium.NikhilSeleniumMavenTestNG.BasicAnnotationsTest"/>
  <testcase name="verifyUIObjects" time="65.375" classname="NikhilSelenium.NikhilSeleniumMavenTestNG.BasicAnnotationsTest"/>
</testsuite> <!-- Default test -->
