<?xml version="1.0" encoding="UTF-8"?>
<testng-results skipped="0" failed="1" total="1" passed="0">
  <reporter-output>
  </reporter-output>
  <suite name="Suite1" duration-ms="86656" started-at="2014-03-08T08:57:17Z" finished-at="2014-03-08T08:58:43Z">
    <groups>
    </groups>
    <test name="Knock Out Pages" duration-ms="86656" started-at="2014-03-08T08:57:17Z" finished-at="2014-03-08T08:58:43Z">
      <class name="NikhilSelenium.NikhilSeleniumMavenTestNG.BasicAnnotationsTest">
        <test-method status="PASS" signature="beforeMethod()[pri:0, instance:NikhilSelenium.NikhilSeleniumMavenTestNG.BasicAnnotationsTest@1628381]" name="beforeMethod" is-config="true" duration-ms="54625" started-at="2014-03-08T08:57:17Z" finished-at="2014-03-08T08:58:11Z">
          <reporter-output>
          </reporter-output>
        </test-method> <!-- beforeMethod -->
        <test-method status="FAIL" signature="verifyRemoveItemPageObjectNegative()[pri:0, instance:NikhilSelenium.NikhilSeleniumMavenTestNG.BasicAnnotationsTest@1628381]" name="verifyRemoveItemPageObjectNegative" duration-ms="30500" started-at="2014-03-08T08:58:11Z" finished-at="2014-03-08T08:58:42Z">
          <exception class="java.lang.Error">
            <message>
              <![CDATA[Item Item1 doesn't exist and so cannot remove]]>
            </message>
            <full-stacktrace>
              <![CDATA[java.lang.Error: Item Item1 doesn't exist and so cannot remove
	at com.knockOutPages.BetterList.removeItem(BetterList.java:78)
	at NikhilSelenium.NikhilSeleniumMavenTestNG.BasicAnnotationsTest.verifyRemoveItemPageObjectNegative(BasicAnnotationsTest.java:212)
	at sun.reflect.NativeMethodAccessorImpl.invoke0(Native Method)
	at sun.reflect.NativeMethodAccessorImpl.invoke(Unknown Source)
	at sun.reflect.DelegatingMethodAccessorImpl.invoke(Unknown Source)
	at java.lang.reflect.Method.invoke(Unknown Source)
	at org.testng.internal.MethodInvocationHelper.invokeMethod(MethodInvocationHelper.java:84)
	at org.testng.internal.Invoker.invokeMethod(Invoker.java:714)
	at org.testng.internal.Invoker.invokeTestMethod(Invoker.java:901)
	at org.testng.internal.Invoker.invokeTestMethods(Invoker.java:1231)
	at org.testng.internal.TestMethodWorker.invokeTestMethods(TestMethodWorker.java:127)
	at org.testng.internal.TestMethodWorker.run(TestMethodWorker.java:111)
	at org.testng.TestRunner.privateRun(TestRunner.java:767)
	at org.testng.TestRunner.run(TestRunner.java:617)
	at org.testng.SuiteRunner.runTest(SuiteRunner.java:334)
	at org.testng.SuiteRunner.runSequentially(SuiteRunner.java:329)
	at org.testng.SuiteRunner.privateRun(SuiteRunner.java:291)
	at org.testng.SuiteRunner.run(SuiteRunner.java:240)
	at org.testng.SuiteRunnerWorker.runSuite(SuiteRunnerWorker.java:52)
	at org.testng.SuiteRunnerWorker.run(SuiteRunnerWorker.java:86)
	at org.testng.TestNG.runSuitesSequentially(TestNG.java:1224)
	at org.testng.TestNG.runSuitesLocally(TestNG.java:1149)
	at org.testng.TestNG.run(TestNG.java:1057)
	at org.testng.remote.RemoteTestNG.run(RemoteTestNG.java:111)
	at org.testng.remote.RemoteTestNG.initAndRun(RemoteTestNG.java:204)
	at org.testng.remote.RemoteTestNG.main(RemoteTestNG.java:175)
]]>
            </full-stacktrace>
          </exception> <!-- java.lang.Error -->
          <reporter-output>
          </reporter-output>
        </test-method> <!-- verifyRemoveItemPageObjectNegative -->
        <test-method status="PASS" signature="afterMethod()[pri:0, instance:NikhilSelenium.NikhilSeleniumMavenTestNG.BasicAnnotationsTest@1628381]" name="afterMethod" is-config="true" duration-ms="1484" started-at="2014-03-08T08:58:42Z" finished-at="2014-03-08T08:58:43Z">
          <reporter-output>
          </reporter-output>
        </test-method> <!-- afterMethod -->
      </class> <!-- NikhilSelenium.NikhilSeleniumMavenTestNG.BasicAnnotationsTest -->
    </test> <!-- Knock Out Pages -->
  </suite> <!-- Suite1 -->
</testng-results>
