<?xml version="1.0" encoding="UTF-8"?>
<!-- Generated by org.testng.reporters.JUnitXMLReporter -->
<testsuite hostname="harish-homepc" name="Knock Out Pages" tests="1" failures="1" timestamp="8 Mar 2014 08:58:44 GMT" time="86.656" errors="0">
  <testcase name="verifyRemoveItemPageObjectNegative" time="30.5" classname="NikhilSelenium.NikhilSeleniumMavenTestNG.BasicAnnotationsTest">
    <failure type="java.lang.Error" message="Item Item1 doesn&amp;apos;t exist and so cannot remove">
      <![CDATA[java.lang.Error: Item Item1 doesn't exist and so cannot remove
	at com.knockOutPages.BetterList.removeItem(BetterList.java:78)
	at NikhilSelenium.NikhilSeleniumMavenTestNG.BasicAnnotationsTest.verifyRemoveItemPageObjectNegative(BasicAnnotationsTest.java:212)
... Removed 24 stack frames]]>
    </failure>
  </testcase> <!-- verifyRemoveItemPageObjectNegative -->
</testsuite> <!-- Knock Out Pages -->
